<?xml version="1.0" encoding="UTF-8"?>
<!-- Generated by org.testng.reporters.JUnitXMLReporter -->
<testsuite ignored="0" hostname="IN1-1030205LT" failures="1" tests="3" name="Surefire test" time="5.673" errors="0" timestamp="10 Apr 2023 05:53:14 GMT">
  <testcase classname="GradleTest_RestAutomation.post_Test" name="postwithexternalfile" time="4.289"/>
  <testcase classname="GradleTest_RestAutomation.post_Test" name="postwithpojo" time="1.359"/>
  <testcase classname="GradleTest_RestAutomation.post_Test" name="postwithpojo_userreg" time="0.003">
    <failure type="java.lang.NullPointerException" message="Cannot invoke &amp;quot;com.relevantcodes.extentreports.ExtentReports.startTest(String, String)&amp;quot; because &amp;quot;api.com.util.ExtentReport.extentreport&amp;quot; is null">
      <![CDATA[java.lang.NullPointerException: Cannot invoke "com.relevantcodes.extentreports.ExtentReports.startTest(String, String)" because "api.com.util.ExtentReport.extentreport" is nullat GradleTest_RestAutomation.post_Test.postwithpojo_userreg(post_Test.java:63)... Removed 30 stack frames]]>
    </failure>
  </testcase> <!-- postwithpojo_userreg -->
</testsuite> <!-- Surefire test -->
