<?xml version="1.0" encoding="UTF-8"?>
<!-- Generated by org.testng.reporters.JUnitXMLReporter -->
<testsuite ignored="2" hostname="IN1-1030205LT" failures="0" tests="1" name="Default test" time="2.674" errors="0" timestamp="21 Apr 2023 16:23:04 GMT">
  <testcase classname="GradleTest_RestAutomation.post_Test" name="postwithpojo" time="2.649"/>
  <testcase classname="GradleTest_RestAutomation.post_Test" name="postwithpojo_userreg" time="0.0">
    <ignored/>
  </testcase> <!-- postwithpojo_userreg -->
  <testcase classname="GradleTest_RestAutomation.post_Test" name="postwithexternalfile" time="0.0">
    <ignored/>
  </testcase> <!-- postwithexternalfile -->
</testsuite> <!-- Default test -->
