<?xml version="1.0" encoding="UTF-8"?>
<!-- Generated by org.testng.reporters.JUnitXMLReporter -->
<testsuite ignored="3" hostname="IN1-1030205LT" failures="0" tests="8" name="Test" time="3.739" errors="0" timestamp="21 Apr 2023 16:30:05 GMT">
  <testcase classname="GradleTest_RestAutomation.Getmethod" name="detailsof7thid" time="2.605"/>
  <testcase classname="GradleTest_RestAutomation.Getmethod" name="getnamesfromlist" time="0.109"/>
  <testcase classname="GradleTest_RestAutomation.Getmethod" name="getting_the_Responsebody" time="0.043"/>
  <testcase classname="GradleTest_RestAutomation.Getmethod" name="getting_the_headers" time="0.042"/>
  <testcase classname="GradleTest_RestAutomation.Getmethod" name="page_total" time="0.047"/>
  <testcase classname="GradleTest_RestAutomation.Getmethod" name="statuscodetest" time="0.041"/>
  <testcase classname="GradleTest_RestAutomation.post_Test" name="postwithpojo" time="0.57"/>
  <testcase classname="GradleTest_RestAutomation.post_Test" name="postwithpojo_userreg" time="0.244"/>
  <testcase classname="api.com.core.BaseTest" name="@AfterSuite endReport" time="0.0">
    <ignored/>
  </testcase> <!-- @AfterSuite endReport -->
  <testcase classname="api.com.core.BaseTest" name="@BeforeSuite config" time="0.0">
    <ignored/>
  </testcase> <!-- @BeforeSuite config -->
  <testcase classname="GradleTest_RestAutomation.post_Test" name="postwithexternalfile" time="0.0">
    <ignored/>
  </testcase> <!-- postwithexternalfile -->
</testsuite> <!-- Test -->
