<?xml version="1.0" encoding="UTF-8"?>
<testsuite xmlns:xsi="http://www.w3.org/2001/XMLSchema-instance" xsi:noNamespaceSchemaLocation="https://maven.apache.org/surefire/maven-surefire-plugin/xsd/surefire-test-report.xsd" name="GradleTest_RestAutomation.post_Test" time="5.976" tests="3" errors="0" skipped="0" failures="1">
  <properties>
[...]
</properties>
  <testcase name="postwithexternalfile" classname="GradleTest_RestAutomation.post_Test" time="4.289"/>
  <testcase name="postwithpojo" classname="GradleTest_RestAutomation.post_Test" time="1.357"/>
  <testcase name="postwithpojo_userreg" classname="GradleTest_RestAutomation.post_Test" time="0.009">
    <failure message="Cannot invoke &quot;com.relevantcodes.extentreports.ExtentReports.startTest(String, String)&quot; because &quot;api.com.util.ExtentReport.extentreport&quot; is null" type="java.lang.NullPointerException">java.lang.NullPointerException: Cannot invoke "com.relevantcodes.extentreports.ExtentReports.startTest(String, String)" because "api.com.util.ExtentReport.extentreport" is null
	at GradleTest_RestAutomation.post_Test.postwithpojo_userreg(post_Test.java:63)
</failure>
  </testcase>
</testsuite>